  Buoi1_Cau9.cpp
D:\KTLT_BT_Nhom\BT_Nhom\BT_Nhom\Buoi1_Cau9.cpp(10,12): warning C4566: character represented by universal-character-name '\u1EAD' cannot be represented in the current code page (1252)
D:\KTLT_BT_Nhom\BT_Nhom\BT_Nhom\Buoi1_Cau9.cpp(10,12): warning C4566: character represented by universal-character-name '\u1ED1' cannot be represented in the current code page (1252)
D:\KTLT_BT_Nhom\BT_Nhom\BT_Nhom\Buoi1_Cau9.cpp(10,12): warning C4566: character represented by universal-character-name '\u1EF1' cannot be represented in the current code page (1252)
D:\KTLT_BT_Nhom\BT_Nhom\BT_Nhom\Buoi1_Cau9.cpp(12,16): warning C4566: character represented by universal-character-name '\u1ED7' cannot be represented in the current code page (1252)
D:\KTLT_BT_Nhom\BT_Nhom\BT_Nhom\Buoi1_Cau9.cpp(12,16): warning C4566: character represented by universal-character-name '\u1EAD' cannot be represented in the current code page (1252)
D:\KTLT_BT_Nhom\BT_Nhom\BT_Nhom\Buoi1_Cau9.cpp(12,16): warning C4566: character represented by universal-character-name '\u1ED1' cannot be represented in the current code page (1252)
D:\KTLT_BT_Nhom\BT_Nhom\BT_Nhom\Buoi1_Cau9.cpp(15,12): warning C4566: character represented by universal-character-name '\u1EAD' cannot be represented in the current code page (1252)
D:\KTLT_BT_Nhom\BT_Nhom\BT_Nhom\Buoi1_Cau9.cpp(15,12): warning C4566: character represented by universal-character-name '\u1ED1' cannot be represented in the current code page (1252)
D:\KTLT_BT_Nhom\BT_Nhom\BT_Nhom\Buoi1_Cau9.cpp(15,12): warning C4566: character represented by universal-character-name '\u1EF1' cannot be represented in the current code page (1252)
D:\KTLT_BT_Nhom\BT_Nhom\BT_Nhom\Buoi1_Cau9.cpp(17,16): warning C4566: character represented by universal-character-name '\u1ED7' cannot be represented in the current code page (1252)
D:\KTLT_BT_Nhom\BT_Nhom\BT_Nhom\Buoi1_Cau9.cpp(17,16): warning C4566: character represented by universal-character-name '\u1EAD' cannot be represented in the current code page (1252)
D:\KTLT_BT_Nhom\BT_Nhom\BT_Nhom\Buoi1_Cau9.cpp(17,16): warning C4566: character represented by universal-character-name '\u1ED1' cannot be represented in the current code page (1252)
D:\KTLT_BT_Nhom\BT_Nhom\BT_Nhom\Buoi1_Cau9.cpp(26,12): warning C4566: character represented by universal-character-name '\u1ECB' cannot be represented in the current code page (1252)
D:\KTLT_BT_Nhom\BT_Nhom\BT_Nhom\Buoi1_Cau9.cpp(26,12): warning C4566: character represented by universal-character-name '\u1EE7' cannot be represented in the current code page (1252)
D:\KTLT_BT_Nhom\BT_Nhom\BT_Nhom\Buoi1_Cau9.cpp(27,12): warning C4566: character represented by universal-character-name '\u1ECB' cannot be represented in the current code page (1252)
D:\KTLT_BT_Nhom\BT_Nhom\BT_Nhom\Buoi1_Cau9.cpp(27,12): warning C4566: character represented by universal-character-name '\u1EE7' cannot be represented in the current code page (1252)
D:\KTLT_BT_Nhom\BT_Nhom\BT_Nhom\Buoi1_Cau9.cpp(41,16): warning C4566: character represented by universal-character-name '\u1EC3' cannot be represented in the current code page (1252)
D:\KTLT_BT_Nhom\BT_Nhom\BT_Nhom\Buoi1_Cau9.cpp(50,12): warning C4566: character represented by universal-character-name '\u1ED5' cannot be represented in the current code page (1252)
D:\KTLT_BT_Nhom\BT_Nhom\BT_Nhom\Buoi1_Cau9.cpp(50,12): warning C4566: character represented by universal-character-name '\u0110' cannot be represented in the current code page (1252)
D:\KTLT_BT_Nhom\BT_Nhom\BT_Nhom\Buoi1_Cau9.cpp(50,12): warning C4566: character represented by universal-character-name '\u1ECB' cannot be represented in the current code page (1252)
D:\KTLT_BT_Nhom\BT_Nhom\BT_Nhom\Buoi1_Cau9.cpp(50,12): warning C4566: character represented by universal-character-name '\u1EC9' cannot be represented in the current code page (1252)
D:\KTLT_BT_Nhom\BT_Nhom\BT_Nhom\Buoi1_Cau9.cpp(51,12): warning C4566: character represented by universal-character-name '\u1EC7' cannot be represented in the current code page (1252)
D:\KTLT_BT_Nhom\BT_Nhom\BT_Nhom\Buoi1_Cau9.cpp(51,12): warning C4566: character represented by universal-character-name '\u0110' cannot be represented in the current code page (1252)
D:\KTLT_BT_Nhom\BT_Nhom\BT_Nhom\Buoi1_Cau9.cpp(51,12): warning C4566: character represented by universal-character-name '\u1ECB' cannot be represented in the current code page (1252)
D:\KTLT_BT_Nhom\BT_Nhom\BT_Nhom\Buoi1_Cau9.cpp(51,12): warning C4566: character represented by universal-character-name '\u1EC9' cannot be represented in the current code page (1252)
D:\KTLT_BT_Nhom\BT_Nhom\BT_Nhom\Buoi1_Cau9.cpp(52,12): warning C4566: character represented by universal-character-name '\u0110' cannot be represented in the current code page (1252)
D:\KTLT_BT_Nhom\BT_Nhom\BT_Nhom\Buoi1_Cau9.cpp(52,12): warning C4566: character represented by universal-character-name '\u1ECB' cannot be represented in the current code page (1252)
D:\KTLT_BT_Nhom\BT_Nhom\BT_Nhom\Buoi1_Cau9.cpp(52,12): warning C4566: character represented by universal-character-name '\u1EC9' cannot be represented in the current code page (1252)
D:\KTLT_BT_Nhom\BT_Nhom\BT_Nhom\Buoi1_Cau9.cpp(53,12): warning C4566: character represented by universal-character-name '\u01B0' cannot be represented in the current code page (1252)
D:\KTLT_BT_Nhom\BT_Nhom\BT_Nhom\Buoi1_Cau9.cpp(53,12): warning C4566: character represented by universal-character-name '\u01A1' cannot be represented in the current code page (1252)
D:\KTLT_BT_Nhom\BT_Nhom\BT_Nhom\Buoi1_Cau9.cpp(53,12): warning C4566: character represented by universal-character-name '\u0110' cannot be represented in the current code page (1252)
D:\KTLT_BT_Nhom\BT_Nhom\BT_Nhom\Buoi1_Cau9.cpp(53,12): warning C4566: character represented by universal-character-name '\u1ECB' cannot be represented in the current code page (1252)
D:\KTLT_BT_Nhom\BT_Nhom\BT_Nhom\Buoi1_Cau9.cpp(53,12): warning C4566: character represented by universal-character-name '\u1EC9' cannot be represented in the current code page (1252)
  BT_Nhom.vcxproj -> D:\KTLT_BT_Nhom\BT_Nhom\x64\Debug\BT_Nhom.exe
